This file contains any messages produced by compilers while
running configure, to aid debugging if configure makes a mistake.

It was created by configure, which was
generated by GNU Autoconf 2.57.  Invocation command line was

  $ ./configure 

## --------- ##
## Platform. ##
## --------- ##

hostname = bsupniks-Computer.local
uname -m = Power Macintosh
uname -r = 7.4.0
uname -s = Darwin
uname -v = Darwin Kernel Version 7.4.0: Wed May 12 16:58:24 PDT 2004; root:xnu/xnu-517.7.7.obj~7/RELEASE_PPC 

/usr/bin/uname -p = powerpc
/bin/uname -X     = unknown

/bin/arch              = unknown
/usr/bin/arch -k       = unknown
/usr/convex/getsysinfo = unknown
hostinfo               = Mach kernel version:
	 Darwin Kernel Version 7.4.0:
Wed May 12 16:58:24 PDT 2004; root:xnu/xnu-517.7.7.obj~7/RELEASE_PPC


Kernel configured for a single processor only.
1 processor is physically available.
Processor type: ppc7450 (PowerPC 7450)
Processor active: 0
Primary memory available: 640.00 megabytes.
Default processor set: 56 tasks, 135 threads, 1 processors
Load average: 1.56, Mach factor: 0.36
unknown
/bin/machine           = unknown
/usr/bin/oslevel       = unknown
/bin/universe          = unknown

PATH: /bin
PATH: /sbin
PATH: /usr/bin
PATH: /usr/sbin


## ----------- ##
## Core tests. ##
## ----------- ##

configure:1273: checking for a BSD-compatible install
configure:1327: result: /usr/bin/install -c
configure:1338: checking whether build environment is sane
configure:1381: result: yes
configure:1414: checking for gawk
configure:1443: result: no
configure:1414: checking for mawk
configure:1443: result: no
configure:1414: checking for nawk
configure:1443: result: no
configure:1414: checking for awk
configure:1430: found /usr/bin/awk
configure:1440: result: awk
configure:1450: checking whether make sets $(MAKE)
configure:1470: result: yes
configure:1636: checking whether make sets $(MAKE)
configure:1656: result: yes
configure:1670: checking for gcc
configure:1688: found /usr/bin/gcc
configure:1700: result: /usr/bin/gcc
configure:1782: checking for gcc
configure:1798: found /usr/bin/gcc
configure:1808: result: gcc
configure:2052: checking for C compiler version
configure:2055: gcc --version </dev/null >&5
gcc (GCC) 3.3 20030304 (Apple Computer, Inc. build 1495)
Copyright (C) 2002 Free Software Foundation, Inc.
This is free software; see the source for copying conditions.  There is NO
warranty; not even for MERCHANTABILITY or FITNESS FOR A PARTICULAR PURPOSE.

configure:2058: $? = 0
configure:2060: gcc -v </dev/null >&5
Reading specs from /usr/libexec/gcc/darwin/ppc/3.3/specs
Thread model: posix
gcc version 3.3 20030304 (Apple Computer, Inc. build 1495)
configure:2063: $? = 0
configure:2065: gcc -V </dev/null >&5
gcc: `-V' option must have argument
configure:2068: $? = 1
configure:2092: checking for C compiler default output
configure:2095: gcc    conftest.c  >&5
configure:2098: $? = 0
configure:2144: result: a.out
configure:2149: checking whether the C compiler works
configure:2155: ./a.out
configure:2158: $? = 0
configure:2175: result: yes
configure:2182: checking whether we are cross compiling
configure:2184: result: no
configure:2187: checking for suffix of executables
configure:2189: gcc -o conftest    conftest.c  >&5
configure:2192: $? = 0
configure:2217: result: 
configure:2223: checking for suffix of object files
configure:2245: gcc -c   conftest.c >&5
configure:2248: $? = 0
configure:2270: result: o
configure:2274: checking whether we are using the GNU C compiler
configure:2299: gcc -c   conftest.c >&5
configure:2302: $? = 0
configure:2305: test -s conftest.o
configure:2308: $? = 0
configure:2321: result: yes
configure:2327: checking whether gcc accepts -g
configure:2349: gcc -c -g  conftest.c >&5
configure:2352: $? = 0
configure:2355: test -s conftest.o
configure:2358: $? = 0
configure:2369: result: yes
configure:2386: checking for gcc option to accept ANSI C
configure:2447: gcc  -c -g -O2  conftest.c >&5
configure:2450: $? = 0
configure:2453: test -s conftest.o
configure:2456: $? = 0
configure:2474: result: none needed
configure:2492: gcc -c -g -O2  conftest.c >&5
conftest.c:2: error: parse error before "me"
configure:2495: $? = 1
configure: failed program was:
| #ifndef __cplusplus
|   choke me
| #endif
configure:2615: checking for style of include used by make
configure:2643: result: GNU
configure:2671: checking dependency style of gcc
configure:2739: result: gcc3
configure:2808: checking for g++
configure:2824: found /usr/bin/g++
configure:2834: result: g++
configure:2850: checking for C++ compiler version
configure:2853: g++ --version </dev/null >&5
g++ (GCC) 3.3 20030304 (Apple Computer, Inc. build 1495)
Copyright (C) 2002 Free Software Foundation, Inc.
This is free software; see the source for copying conditions.  There is NO
warranty; not even for MERCHANTABILITY or FITNESS FOR A PARTICULAR PURPOSE.

configure:2856: $? = 0
configure:2858: g++ -v </dev/null >&5
Reading specs from /usr/libexec/gcc/darwin/ppc/3.3/specs
Thread model: posix
gcc version 3.3 20030304 (Apple Computer, Inc. build 1495)
configure:2861: $? = 0
configure:2863: g++ -V </dev/null >&5
g++: `-V' option must have argument
configure:2866: $? = 1
configure:2869: checking whether we are using the GNU C++ compiler
configure:2894: g++ -c   conftest.cc >&5
configure:2897: $? = 0
configure:2900: test -s conftest.o
configure:2903: $? = 0
configure:2916: result: yes
configure:2922: checking whether g++ accepts -g
configure:2944: g++ -c -g  conftest.cc >&5
configure:2947: $? = 0
configure:2950: test -s conftest.o
configure:2953: $? = 0
configure:2964: result: yes
configure:3008: g++ -c -g -O2  conftest.cc >&5
configure:3011: $? = 0
configure:3014: test -s conftest.o
configure:3017: $? = 0
configure:3044: g++ -c -g -O2  conftest.cc >&5
configure: In function `int main()':
configure:3041: error: `exit' undeclared (first use this function)
configure:3041: error: (Each undeclared identifier is reported only once for 
   each function it appears in.)
configure:3047: $? = 1
configure: failed program was:
| #line 3027 "configure"
| /* confdefs.h.  */
| 
| #define PACKAGE_NAME ""
| #define PACKAGE_TARNAME ""
| #define PACKAGE_VERSION ""
| #define PACKAGE_STRING ""
| #define PACKAGE_BUGREPORT ""
| #define PACKAGE "sysutils"
| #define VERSION "0.0"
| /* end confdefs.h.  */
| 
| int
| main ()
| {
| exit (42);
|   ;
|   return 0;
| }
configure:3008: g++ -c -g -O2  conftest.cc >&5
configure:3011: $? = 0
configure:3014: test -s conftest.o
configure:3017: $? = 0
configure:3044: g++ -c -g -O2  conftest.cc >&5
configure:3047: $? = 0
configure:3050: test -s conftest.o
configure:3053: $? = 0
configure:3078: checking dependency style of g++
configure:3146: result: gcc3
configure:3211: checking for ranlib
configure:3227: found /usr/bin/ranlib
configure:3238: result: ranlib
configure:3262: checking for a BSD-compatible install
configure:3316: result: /usr/bin/install -c
configure:3492: creating ./config.status

## ---------------------- ##
## Running config.status. ##
## ---------------------- ##

This file was extended by config.status, which was
generated by GNU Autoconf 2.57.  Invocation command line was

  CONFIG_FILES    = 
  CONFIG_HEADERS  = 
  CONFIG_LINKS    = 
  CONFIG_COMMANDS = 
  $ ./config.status 

on bsupniks-Computer.local

config.status:651: creating Makefile
config.status:776: executing depfiles commands

## ---------------- ##
## Cache variables. ##
## ---------------- ##

ac_cv_c_compiler_gnu=yes
ac_cv_cxx_compiler_gnu=yes
ac_cv_env_CC_set=
ac_cv_env_CC_value=
ac_cv_env_CFLAGS_set=
ac_cv_env_CFLAGS_value=
ac_cv_env_CPPFLAGS_set=
ac_cv_env_CPPFLAGS_value=
ac_cv_env_CXXFLAGS_set=
ac_cv_env_CXXFLAGS_value=
ac_cv_env_CXX_set=
ac_cv_env_CXX_value=
ac_cv_env_LDFLAGS_set=
ac_cv_env_LDFLAGS_value=
ac_cv_env_build_alias_set=
ac_cv_env_build_alias_value=
ac_cv_env_host_alias_set=
ac_cv_env_host_alias_value=
ac_cv_env_target_alias_set=
ac_cv_env_target_alias_value=
ac_cv_exeext=
ac_cv_objext=o
ac_cv_path_ac_prefix_program=/usr/bin/gcc
ac_cv_path_install='/usr/bin/install -c'
ac_cv_prog_AWK=awk
ac_cv_prog_ac_ct_CC=gcc
ac_cv_prog_ac_ct_CXX=g++
ac_cv_prog_ac_ct_RANLIB=ranlib
ac_cv_prog_cc_g=yes
ac_cv_prog_cc_stdc=
ac_cv_prog_cxx_g=yes
ac_cv_prog_make_make_set=yes
am_cv_CC_dependencies_compiler_type=gcc3
am_cv_CXX_dependencies_compiler_type=gcc3

## ----------------- ##
## Output variables. ##
## ----------------- ##

ACLOCAL='${SHELL} /code/XPTools/libsrc/sdts++-1.5.1/sysutils/missing --run aclocal-1.7'
AMDEPBACKSLASH='\'
AMDEP_FALSE='#'
AMDEP_TRUE=''
AMTAR='${SHELL} /code/XPTools/libsrc/sdts++-1.5.1/sysutils/missing --run tar'
AUTOCONF='${SHELL} /code/XPTools/libsrc/sdts++-1.5.1/sysutils/missing --run autoconf'
AUTOHEADER='${SHELL} /code/XPTools/libsrc/sdts++-1.5.1/sysutils/missing --run autoheader'
AUTOMAKE='${SHELL} /code/XPTools/libsrc/sdts++-1.5.1/sysutils/missing --run automake-1.7'
AWK='awk'
CC='gcc'
CCDEPMODE='depmode=gcc3'
CFLAGS='-g -O2'
CPPFLAGS=''
CXX='g++'
CXXDEPMODE='depmode=gcc3'
CXXFLAGS='-g -O2'
CYGPATH_W='echo'
DEFS='-DPACKAGE_NAME=\"\" -DPACKAGE_TARNAME=\"\" -DPACKAGE_VERSION=\"\" -DPACKAGE_STRING=\"\" -DPACKAGE_BUGREPORT=\"\" -DPACKAGE=\"sysutils\" -DVERSION=\"0.0\" '
DEPDIR='.deps'
ECHO_C=''
ECHO_N='-n'
ECHO_T=''
EXEEXT=''
INSTALL_DATA='${INSTALL} -m 644'
INSTALL_PROGRAM='${INSTALL}'
INSTALL_SCRIPT='${INSTALL}'
INSTALL_STRIP_PROGRAM='${SHELL} $(install_sh) -c -s'
LDFLAGS=''
LIBOBJS=''
LIBS=''
LTLIBOBJS=''
MAKEINFO='${SHELL} /code/XPTools/libsrc/sdts++-1.5.1/sysutils/missing --run makeinfo'
OBJEXT='o'
PACKAGE='sysutils'
PACKAGE_BUGREPORT=''
PACKAGE_NAME=''
PACKAGE_STRING=''
PACKAGE_TARNAME=''
PACKAGE_VERSION=''
PATH_SEPARATOR=':'
RANLIB='ranlib'
SET_MAKE=''
SHELL='/bin/sh'
STRIP=''
VERSION='0.0'
ac_ct_CC='gcc'
ac_ct_CXX='g++'
ac_ct_RANLIB='ranlib'
ac_ct_STRIP=''
ac_prefix_program='/usr/bin/gcc'
am__fastdepCC_FALSE='#'
am__fastdepCC_TRUE=''
am__fastdepCXX_FALSE='#'
am__fastdepCXX_TRUE=''
am__include='include'
am__leading_dot='.'
am__quote=''
bindir='${exec_prefix}/bin'
build_alias=''
datadir='${prefix}/share'
exec_prefix='${prefix}'
host_alias=''
includedir='${prefix}/include'
infodir='${prefix}/info'
install_sh='/code/XPTools/libsrc/sdts++-1.5.1/sysutils/install-sh'
libdir='${exec_prefix}/lib'
libexecdir='${exec_prefix}/libexec'
localstatedir='${prefix}/var'
mandir='${prefix}/man'
oldincludedir='/usr/include'
prefix='/usr'
program_transform_name='s,x,x,'
sbindir='${exec_prefix}/sbin'
sharedstatedir='${prefix}/com'
sysconfdir='${prefix}/etc'
target_alias=''

## ----------- ##
## confdefs.h. ##
## ----------- ##

#define PACKAGE "sysutils"
#define PACKAGE_BUGREPORT ""
#define PACKAGE_NAME ""
#define PACKAGE_STRING ""
#define PACKAGE_TARNAME ""
#define PACKAGE_VERSION ""
#define VERSION "0.0"
#endif
#ifdef __cplusplus
#include <stdlib.h>

configure: exit 0
