This file contains any messages produced by compilers while
running configure, to aid debugging if configure makes a mistake.

It was created by configure, which was
generated by GNU Autoconf 2.59.  Invocation command line was

  $ ./configure 

## --------- ##
## Platform. ##
## --------- ##

hostname = bsupniks-Computer.local
uname -m = Power Macintosh
uname -r = 7.4.0
uname -s = Darwin
uname -v = Darwin Kernel Version 7.4.0: Wed May 12 16:58:24 PDT 2004; root:xnu/xnu-517.7.7.obj~7/RELEASE_PPC 

/usr/bin/uname -p = powerpc
/bin/uname -X     = unknown

/bin/arch              = unknown
/usr/bin/arch -k       = unknown
/usr/convex/getsysinfo = unknown
hostinfo               = Mach kernel version:
	 Darwin Kernel Version 7.4.0:
Wed May 12 16:58:24 PDT 2004; root:xnu/xnu-517.7.7.obj~7/RELEASE_PPC


Kernel configured for a single processor only.
1 processor is physically available.
Processor type: ppc7450 (PowerPC 7450)
Processor active: 0
Primary memory available: 640.00 megabytes.
Default processor set: 53 tasks, 132 threads, 1 processors
Load average: 1.46, Mach factor: 0.37
unknown
/bin/machine           = unknown
/usr/bin/oslevel       = unknown
/bin/universe          = unknown

PATH: /bin
PATH: /sbin
PATH: /usr/bin
PATH: /usr/sbin


## ----------- ##
## Core tests. ##
## ----------- ##

configure:1510: checking for a BSD-compatible install
configure:1565: result: /usr/bin/install -c
configure:1576: checking whether build environment is sane
configure:1619: result: yes
configure:1652: checking for gawk
configure:1681: result: no
configure:1652: checking for mawk
configure:1681: result: no
configure:1652: checking for nawk
configure:1681: result: no
configure:1652: checking for awk
configure:1668: found /usr/bin/awk
configure:1678: result: awk
configure:1688: checking whether make sets $(MAKE)
configure:1708: result: yes
configure:1906: checking for gcc
configure:1922: found /usr/bin/gcc
configure:1932: result: gcc
configure:2176: checking for C compiler version
configure:2179: gcc --version </dev/null >&5
gcc (GCC) 3.3 20030304 (Apple Computer, Inc. build 1495)
Copyright (C) 2002 Free Software Foundation, Inc.
This is free software; see the source for copying conditions.  There is NO
warranty; not even for MERCHANTABILITY or FITNESS FOR A PARTICULAR PURPOSE.

configure:2182: $? = 0
configure:2184: gcc -v </dev/null >&5
Reading specs from /usr/libexec/gcc/darwin/ppc/3.3/specs
Thread model: posix
gcc version 3.3 20030304 (Apple Computer, Inc. build 1495)
configure:2187: $? = 0
configure:2189: gcc -V </dev/null >&5
gcc: `-V' option must have argument
configure:2192: $? = 1
configure:2215: checking for C compiler default output file name
configure:2218: gcc    conftest.c  >&5
configure:2221: $? = 0
configure:2267: result: a.out
configure:2272: checking whether the C compiler works
configure:2278: ./a.out
configure:2281: $? = 0
configure:2298: result: yes
configure:2305: checking whether we are cross compiling
configure:2307: result: no
configure:2310: checking for suffix of executables
configure:2312: gcc -o conftest    conftest.c  >&5
configure:2315: $? = 0
configure:2340: result: 
configure:2346: checking for suffix of object files
configure:2367: gcc -c   conftest.c >&5
configure:2370: $? = 0
configure:2392: result: o
configure:2396: checking whether we are using the GNU C compiler
configure:2420: gcc -c   conftest.c >&5
configure:2426: $? = 0
configure:2430: test -z 
			 || test ! -s conftest.err
configure:2433: $? = 0
configure:2436: test -s conftest.o
configure:2439: $? = 0
configure:2452: result: yes
configure:2458: checking whether gcc accepts -g
configure:2479: gcc -c -g  conftest.c >&5
configure:2485: $? = 0
configure:2489: test -z 
			 || test ! -s conftest.err
configure:2492: $? = 0
configure:2495: test -s conftest.o
configure:2498: $? = 0
configure:2509: result: yes
configure:2526: checking for gcc option to accept ANSI C
configure:2596: gcc  -c -g -O2  conftest.c >&5
configure:2602: $? = 0
configure:2606: test -z 
			 || test ! -s conftest.err
configure:2609: $? = 0
configure:2612: test -s conftest.o
configure:2615: $? = 0
configure:2633: result: none needed
configure:2651: gcc -c -g -O2  conftest.c >&5
conftest.c:2: error: parse error before "me"
configure:2657: $? = 1
configure: failed program was:
| #ifndef __cplusplus
|   choke me
| #endif
configure:2809: checking for style of include used by make
configure:2837: result: GNU
configure:2865: checking dependency style of gcc
configure:2927: result: gcc3
configure:2945: checking for a BSD-compatible install
configure:3000: result: /usr/bin/install -c
configure:3011: checking whether ln -s works
configure:3015: result: yes
configure:3022: checking whether make sets $(MAKE)
configure:3042: result: yes
configure:3123: checking build system type
configure:3141: result: powerpc-apple-darwin7.4.0
configure:3149: checking host system type
configure:3163: result: powerpc-apple-darwin7.4.0
configure:3193: checking for ld used by GCC
configure:3256: result: /usr/bin/ld
configure:3265: checking if the linker (/usr/bin/ld) is GNU ld
configure:3277: result: no
configure:3282: checking for /usr/bin/ld option to reload object files
configure:3289: result: -r
configure:3294: checking for BSD-compatible nm
configure:3330: result: /usr/bin/nm -p
configure:3333: checking how to recognise dependant libraries
configure:3511: result: file_magic Mach-O dynamically linked shared library
configure:3524: checking command to parse /usr/bin/nm -p output
configure:3605: gcc -c -g -O2  conftest.c >&5
configure:3608: $? = 0
configure:3612: /usr/bin/nm -p conftest.o \| sed -n -e 's/^.*[ 	]\([BCDEGRST][BCDEGRST]*\)[ 	][ 	]*\(\)\([_A-Za-z][_A-Za-z0-9]*\)$/\1 \2\3 \3/p' \> conftest.nm
configure:3615: $? = 0
cannot find nm_test_var in conftest.nm
configure:3605: gcc -c -g -O2  conftest.c >&5
configure:3608: $? = 0
configure:3612: /usr/bin/nm -p conftest.o \| sed -n -e 's/^.*[ 	]\([BCDEGRST][BCDEGRST]*\)[ 	][ 	]*\(_\)\([_A-Za-z][_A-Za-z0-9]*\)$/\1 \2\3 \3/p' \> conftest.nm
configure:3615: $? = 0
configure:3667: gcc -o conftest -g -O2   conftest.c conftstm.o >&5
configure:3670: $? = 0
configure:3714: result: ok
configure:3723: checking how to run the C preprocessor
configure:3758: gcc -E  conftest.c
configure:3764: $? = 0
configure:3796: gcc -E  conftest.c
conftest.c:11:28: ac_nonexistent.h: No such file or directory
configure:3802: $? = 1
configure: failed program was:
| /* confdefs.h.  */
| 
| #define PACKAGE_NAME ""
| #define PACKAGE_TARNAME ""
| #define PACKAGE_VERSION ""
| #define PACKAGE_STRING ""
| #define PACKAGE_BUGREPORT ""
| #define PACKAGE "proj"
| #define VERSION "4.4.8"
| /* end confdefs.h.  */
| #include <ac_nonexistent.h>
configure:3841: result: gcc -E
configure:3865: gcc -E  conftest.c
configure:3871: $? = 0
configure:3903: gcc -E  conftest.c
conftest.c:11:28: ac_nonexistent.h: No such file or directory
configure:3909: $? = 1
configure: failed program was:
| /* confdefs.h.  */
| 
| #define PACKAGE_NAME ""
| #define PACKAGE_TARNAME ""
| #define PACKAGE_VERSION ""
| #define PACKAGE_STRING ""
| #define PACKAGE_BUGREPORT ""
| #define PACKAGE "proj"
| #define VERSION "4.4.8"
| /* end confdefs.h.  */
| #include <ac_nonexistent.h>
configure:3953: checking for egrep
configure:3963: result: grep -E
configure:3968: checking for ANSI C header files
configure:3993: gcc -c -g -O2  conftest.c >&5
configure:3999: $? = 0
configure:4003: test -z 
			 || test ! -s conftest.err
configure:4006: $? = 0
configure:4009: test -s conftest.o
configure:4012: $? = 0
configure:4098: gcc -o conftest -g -O2   conftest.c  >&5
configure:4101: $? = 0
configure:4103: ./conftest
configure:4106: $? = 0
configure:4121: result: yes
configure:4145: checking for sys/types.h
configure:4161: gcc -c -g -O2  conftest.c >&5
configure:4167: $? = 0
configure:4171: test -z 
			 || test ! -s conftest.err
configure:4174: $? = 0
configure:4177: test -s conftest.o
configure:4180: $? = 0
configure:4191: result: yes
configure:4145: checking for sys/stat.h
configure:4161: gcc -c -g -O2  conftest.c >&5
configure:4167: $? = 0
configure:4171: test -z 
			 || test ! -s conftest.err
configure:4174: $? = 0
configure:4177: test -s conftest.o
configure:4180: $? = 0
configure:4191: result: yes
configure:4145: checking for stdlib.h
configure:4161: gcc -c -g -O2  conftest.c >&5
configure:4167: $? = 0
configure:4171: test -z 
			 || test ! -s conftest.err
configure:4174: $? = 0
configure:4177: test -s conftest.o
configure:4180: $? = 0
configure:4191: result: yes
configure:4145: checking for string.h
configure:4161: gcc -c -g -O2  conftest.c >&5
configure:4167: $? = 0
configure:4171: test -z 
			 || test ! -s conftest.err
configure:4174: $? = 0
configure:4177: test -s conftest.o
configure:4180: $? = 0
configure:4191: result: yes
configure:4145: checking for memory.h
configure:4161: gcc -c -g -O2  conftest.c >&5
configure:4167: $? = 0
configure:4171: test -z 
			 || test ! -s conftest.err
configure:4174: $? = 0
configure:4177: test -s conftest.o
configure:4180: $? = 0
configure:4191: result: yes
configure:4145: checking for strings.h
configure:4161: gcc -c -g -O2  conftest.c >&5
configure:4167: $? = 0
configure:4171: test -z 
			 || test ! -s conftest.err
configure:4174: $? = 0
configure:4177: test -s conftest.o
configure:4180: $? = 0
configure:4191: result: yes
configure:4145: checking for inttypes.h
configure:4161: gcc -c -g -O2  conftest.c >&5
configure:4167: $? = 0
configure:4171: test -z 
			 || test ! -s conftest.err
configure:4174: $? = 0
configure:4177: test -s conftest.o
configure:4180: $? = 0
configure:4191: result: yes
configure:4145: checking for stdint.h
configure:4161: gcc -c -g -O2  conftest.c >&5
configure:4167: $? = 0
configure:4171: test -z 
			 || test ! -s conftest.err
configure:4174: $? = 0
configure:4177: test -s conftest.o
configure:4180: $? = 0
configure:4191: result: yes
configure:4145: checking for unistd.h
configure:4161: gcc -c -g -O2  conftest.c >&5
configure:4167: $? = 0
configure:4171: test -z 
			 || test ! -s conftest.err
configure:4174: $? = 0
configure:4177: test -s conftest.o
configure:4180: $? = 0
configure:4191: result: yes
configure:4217: checking dlfcn.h usability
configure:4229: gcc -c -g -O2  conftest.c >&5
configure:4235: $? = 0
configure:4239: test -z 
			 || test ! -s conftest.err
configure:4242: $? = 0
configure:4245: test -s conftest.o
configure:4248: $? = 0
configure:4258: result: yes
configure:4262: checking dlfcn.h presence
configure:4272: gcc -E  conftest.c
configure:4278: $? = 0
configure:4298: result: yes
configure:4333: checking for dlfcn.h
configure:4340: result: yes
configure:4537: checking for ranlib
configure:4553: found /usr/bin/ranlib
configure:4564: result: ranlib
configure:4617: checking for strip
configure:4633: found /usr/bin/strip
configure:4644: result: strip
configure:4864: checking for objdir
configure:4875: result: .libs
configure:4892: checking for gcc option to produce PIC
configure:5042: result: -fno-common
configure:5046: checking if gcc PIC flag -fno-common works
configure:5069: gcc -c -g -O2 -fno-common -DPIC  conftest.c >&5
configure:5075: $? = 0
configure:5079: test -z 
			 || test ! -s conftest.err
configure:5082: $? = 0
configure:5085: test -s conftest.o
configure:5088: $? = 0
configure:5126: result: yes
configure:5142: checking if gcc static flag -static works
configure:5166: gcc -o conftest -g -O2   -static conftest.c  >&5
ld: can't locate file for: -lcrt0.o
configure:5172: $? = 1
configure: failed program was:
| /* confdefs.h.  */
| 
| #define PACKAGE_NAME ""
| #define PACKAGE_TARNAME ""
| #define PACKAGE_VERSION ""
| #define PACKAGE_STRING ""
| #define PACKAGE_BUGREPORT ""
| #define PACKAGE "proj"
| #define VERSION "4.4.8"
| #define STDC_HEADERS 1
| #define HAVE_SYS_TYPES_H 1
| #define HAVE_SYS_STAT_H 1
| #define HAVE_STDLIB_H 1
| #define HAVE_STRING_H 1
| #define HAVE_MEMORY_H 1
| #define HAVE_STRINGS_H 1
| #define HAVE_INTTYPES_H 1
| #define HAVE_STDINT_H 1
| #define HAVE_UNISTD_H 1
| #define HAVE_DLFCN_H 1
| /* end confdefs.h.  */
| 
| int
| main ()
| {
| 
|   ;
|   return 0;
| }
configure:5202: result: no
configure:5214: checking if gcc supports -c -o file.o
configure:5237: gcc -c -g -O2 -o out/conftest2.o  conftest.c >&5
configure:5258: result: yes
configure:5263: checking if gcc supports -c -o file.lo
configure:5290: gcc -c -g -O2 -c -o conftest.lo  conftest.c >&5
configure:5296: $? = 0
configure:5300: test -z 
			 || test ! -s conftest.err
configure:5303: $? = 0
configure:5306: test -s conftest.lo
configure:5309: $? = 0
configure:5331: result: yes
configure:5362: checking if gcc supports -fno-rtti -fno-exceptions
configure:5384: gcc -c -g -O2 -fno-rtti -fno-exceptions -c conftest.c  conftest.c >&5
cc1: warning: "-frtti" is valid for C++ but not for C/ObjC
cc1: warning: "-frtti" is valid for C++ but not for C/ObjC
configure:5390: $? = 0
configure:5394: test -z 
			 || test ! -s conftest.err
configure:5397: $? = 0
configure:5400: test -s conftest.o
configure:5403: $? = 0
configure:5420: result: no
configure:5431: checking whether the linker (/usr/bin/ld) supports shared libraries
configure:6111: result: yes
configure:6116: checking how to hardcode library paths into programs
configure:6140: result: unsupported
configure:6145: checking whether stripping libraries is possible
configure:6153: result: no
configure:6161: checking dynamic linker characteristics
configure:6554: result: darwin7.4.0 dyld
configure:6559: checking if libtool supports shared libraries
configure:6561: result: yes
configure:6564: checking whether to build shared libraries
configure:6585: result: yes
configure:6588: checking whether to build static libraries
configure:6592: result: yes
configure:7955: checking for exp in -lm
configure:7985: gcc -o conftest -g -O2   conftest.c -lm   >&5
conftest.c:29: warning: conflicting types for built-in function `exp'
configure:7991: $? = 0
configure:7995: test -z 
			 || test ! -s conftest.err
configure:7998: $? = 0
configure:8001: test -s conftest
configure:8004: $? = 0
configure:8017: result: yes
configure:8029: checking for ANSI C header files
configure:8182: result: yes
configure:8296: creating ./config.status

## ---------------------- ##
## Running config.status. ##
## ---------------------- ##

This file was extended by config.status, which was
generated by GNU Autoconf 2.59.  Invocation command line was

  CONFIG_FILES    = 
  CONFIG_HEADERS  = 
  CONFIG_LINKS    = 
  CONFIG_COMMANDS = 
  $ ./config.status 

on bsupniks-Computer.local

config.status:700: creating Makefile
config.status:700: creating src/Makefile
config.status:700: creating man/Makefile
config.status:700: creating man/man1/Makefile
config.status:700: creating man/man3/Makefile
config.status:700: creating nad/Makefile
config.status:804: creating src/proj_config.h
config.status:916: src/proj_config.h is unchanged
config.status:1080: executing depfiles commands

## ---------------- ##
## Cache variables. ##
## ---------------- ##

ac_cv_build=powerpc-apple-darwin7.4.0
ac_cv_build_alias=powerpc-apple-darwin7.4.0
ac_cv_c_compiler_gnu=yes
ac_cv_env_CC_set=
ac_cv_env_CC_value=
ac_cv_env_CFLAGS_set=
ac_cv_env_CFLAGS_value=
ac_cv_env_CPPFLAGS_set=
ac_cv_env_CPPFLAGS_value=
ac_cv_env_CPP_set=
ac_cv_env_CPP_value=
ac_cv_env_LDFLAGS_set=
ac_cv_env_LDFLAGS_value=
ac_cv_env_build_alias_set=
ac_cv_env_build_alias_value=
ac_cv_env_host_alias_set=
ac_cv_env_host_alias_value=
ac_cv_env_target_alias_set=
ac_cv_env_target_alias_value=
ac_cv_exeext=
ac_cv_header_dlfcn_h=yes
ac_cv_header_inttypes_h=yes
ac_cv_header_memory_h=yes
ac_cv_header_stdc=yes
ac_cv_header_stdint_h=yes
ac_cv_header_stdlib_h=yes
ac_cv_header_string_h=yes
ac_cv_header_strings_h=yes
ac_cv_header_sys_stat_h=yes
ac_cv_header_sys_types_h=yes
ac_cv_header_unistd_h=yes
ac_cv_host=powerpc-apple-darwin7.4.0
ac_cv_host_alias=powerpc-apple-darwin7.4.0
ac_cv_lib_m_exp=yes
ac_cv_objext=o
ac_cv_path_install='/usr/bin/install -c'
ac_cv_prog_AWK=awk
ac_cv_prog_CPP='gcc -E'
ac_cv_prog_ac_ct_CC=gcc
ac_cv_prog_ac_ct_RANLIB=ranlib
ac_cv_prog_ac_ct_STRIP=strip
ac_cv_prog_cc_g=yes
ac_cv_prog_cc_stdc=
ac_cv_prog_egrep='grep -E'
ac_cv_prog_make_make_set=yes
am_cv_CC_dependencies_compiler_type=gcc3
lt_cv_compiler_c_o=yes
lt_cv_compiler_o_lo=yes
lt_cv_deplibs_check_method='file_magic Mach-O dynamically linked shared library'
lt_cv_file_magic_cmd='/usr/bin/file -L'
lt_cv_file_magic_test_file=/usr/lib/libSystem.dylib
lt_cv_global_symbol_to_c_name_address='sed -n -e '\''s/^: \([^ ]*\) $/  {\"\1\", (lt_ptr) 0},/p'\'' -e '\''s/^[BCDEGRST] \([^ ]*\) \([^ ]*\)$/  {"\2", (lt_ptr) \&\2},/p'\'''
lt_cv_global_symbol_to_cdecl='sed -n -e '\''s/^. .* \(.*\)$/extern char \1;/p'\'''
lt_cv_ld_reload_flag=-r
lt_cv_path_LD=/usr/bin/ld
lt_cv_path_NM='/usr/bin/nm -p'
lt_cv_prog_cc_can_build_shared=yes
lt_cv_prog_cc_no_builtin=
lt_cv_prog_cc_pic=' -fno-common'
lt_cv_prog_cc_pic_works=yes
lt_cv_prog_cc_shlib=
lt_cv_prog_cc_static=
lt_cv_prog_cc_static_works=no
lt_cv_prog_cc_wl=-Wl,
lt_cv_prog_gnu_ld=no
lt_cv_sys_global_symbol_pipe='sed -n -e '\''s/^.*[ 	]\([BCDEGRST][BCDEGRST]*\)[ 	][ 	]*\(_\)\([_A-Za-z][_A-Za-z0-9]*\)$/\1 \2\3 \3/p'\'''

## ----------------- ##
## Output variables. ##
## ----------------- ##

ACLOCAL='${SHELL} /code/XPTools/libsrc/proj-4.4.8/missing --run aclocal-1.6'
AMDEPBACKSLASH='\'
AMDEP_FALSE='#'
AMDEP_TRUE=''
AMTAR='${SHELL} /code/XPTools/libsrc/proj-4.4.8/missing --run tar'
AUTOCONF='${SHELL} /code/XPTools/libsrc/proj-4.4.8/missing --run autoconf'
AUTOHEADER='${SHELL} /code/XPTools/libsrc/proj-4.4.8/missing --run autoheader'
AUTOMAKE='${SHELL} /code/XPTools/libsrc/proj-4.4.8/missing --run automake-1.6'
AWK='awk'
CC='gcc'
CCDEPMODE='depmode=gcc3'
CFLAGS='-g -O2'
CPP='gcc -E'
CPPFLAGS=''
DEFS='-DHAVE_CONFIG_H'
DEPDIR='.deps'
ECHO='echo'
ECHO_C=''
ECHO_N='-n'
ECHO_T=''
EGREP='grep -E'
EXEEXT=''
INSTALL_DATA='${INSTALL} -m 644'
INSTALL_PROGRAM='${INSTALL}'
INSTALL_SCRIPT='${INSTALL}'
INSTALL_STRIP_PROGRAM='${SHELL} $(install_sh) -c -s'
LDFLAGS=''
LIBOBJS=''
LIBS='-lm '
LIBTOOL='$(SHELL) $(top_builddir)/libtool'
LN_S='ln -s'
LTLIBOBJS=''
MAKEINFO='${SHELL} /code/XPTools/libsrc/proj-4.4.8/missing --run makeinfo'
OBJEXT='o'
PACKAGE='proj'
PACKAGE_BUGREPORT=''
PACKAGE_NAME=''
PACKAGE_STRING=''
PACKAGE_TARNAME=''
PACKAGE_VERSION=''
PATH_SEPARATOR=':'
RANLIB='ranlib'
SET_MAKE=''
SHELL='/bin/sh'
STRIP='strip'
VERSION='4.4.8'
ac_ct_CC='gcc'
ac_ct_RANLIB='ranlib'
ac_ct_STRIP='strip'
am__include='include'
am__quote=''
bindir='${exec_prefix}/bin'
build='powerpc-apple-darwin7.4.0'
build_alias=''
build_cpu='powerpc'
build_os='darwin7.4.0'
build_vendor='apple'
datadir='${prefix}/share'
exec_prefix='${prefix}'
host='powerpc-apple-darwin7.4.0'
host_alias=''
host_cpu='powerpc'
host_os='darwin7.4.0'
host_vendor='apple'
includedir='${prefix}/include'
infodir='${prefix}/info'
install_sh='/code/XPTools/libsrc/proj-4.4.8/install-sh'
libdir='${exec_prefix}/lib'
libexecdir='${exec_prefix}/libexec'
localstatedir='${prefix}/var'
mandir='${prefix}/man'
oldincludedir='/usr/include'
prefix='/usr/local'
program_transform_name='s,x,x,'
sbindir='${exec_prefix}/sbin'
sharedstatedir='${prefix}/com'
sysconfdir='${prefix}/etc'
target_alias=''

## ----------- ##
## confdefs.h. ##
## ----------- ##

#define HAVE_DLFCN_H 1
#define HAVE_INTTYPES_H 1
#define HAVE_LIBM 1
#define HAVE_MEMORY_H 1
#define HAVE_STDINT_H 1
#define HAVE_STDLIB_H 1
#define HAVE_STRINGS_H 1
#define HAVE_STRING_H 1
#define HAVE_SYS_STAT_H 1
#define HAVE_SYS_TYPES_H 1
#define HAVE_UNISTD_H 1
#define PACKAGE "proj"
#define PACKAGE_BUGREPORT ""
#define PACKAGE_NAME ""
#define PACKAGE_STRING ""
#define PACKAGE_TARNAME ""
#define PACKAGE_VERSION ""
#define STDC_HEADERS 1
#define STDC_HEADERS 1
#define VERSION "4.4.8"

configure: exit 0
